src/wear-os/silverwatchvolleytest/app/build/intermediates/manifest_merge_blame_file/debug/manifest-merger-blame-debug-report.txt
1<?xml version="1.0" encoding="utf-8"?>
2<manifest xmlns:android="http://schemas.android.com/apk/res/android"
3    package="com.example.silverwatch_volleytest"
4    android:versionCode="1"
5    android:versionName="1.0" >
6
7    <uses-sdk
8        android:minSdkVersion="26"
8-->src/main/AndroidManifest.xml
9        android:targetSdkVersion="29" />
9-->src/main/AndroidManifest.xml
10
11    <uses-permission android:name="android.permission.WAKE_LOCK" />
11-->src/main/AndroidManifest.xml:5:5-68
11-->src/main/AndroidManifest.xml:5:22-65
12    <uses-permission android:name="android.permission.INTERNET" />
12-->src/main/AndroidManifest.xml:6:5-67
12-->src/main/AndroidManifest.xml:6:22-64
13
14    <uses-feature android:name="android.hardware.type.watch" />
14-->src/main/AndroidManifest.xml:8:5-64
14-->src/main/AndroidManifest.xml:8:19-61
15
16    <application
16-->src/main/AndroidManifest.xml:10:5-37:19
17        android:allowBackup="true"
17-->src/main/AndroidManifest.xml:11:9-35
18        android:appComponentFactory="androidx.core.app.CoreComponentFactory"
18-->[androidx.core:core:1.1.0] AndroidManifest.xml:24:18-86
19        android:debuggable="true"
20        android:extractNativeLibs="false"
21        android:icon="@mipmap/ic_launcher"
21-->src/main/AndroidManifest.xml:12:9-43
22        android:label="@string/app_name"
22-->src/main/AndroidManifest.xml:13:9-41
23        android:supportsRtl="true"
23-->src/main/AndroidManifest.xml:14:9-35
24        android:testOnly="true"
25        android:theme="@android:style/Theme.DeviceDefault" >
25-->src/main/AndroidManifest.xml:15:9-59
26        <uses-library
26-->src/main/AndroidManifest.xml:16:9-18:39
27            android:name="com.google.android.wearable"
27-->src/main/AndroidManifest.xml:17:13-55
28            android:required="true" />
28-->src/main/AndroidManifest.xml:18:13-36
29
30        <!--
31               Set to true if your app is Standalone, that is, it does not require the handheld
32               app to run.
33        -->
34        <meta-data
34-->src/main/AndroidManifest.xml:24:9-26:36
35            android:name="com.google.android.wearable.standalone"
35-->src/main/AndroidManifest.xml:25:13-66
36            android:value="true" />
36-->src/main/AndroidManifest.xml:26:13-33
37
38        <activity
38-->src/main/AndroidManifest.xml:28:9-36:20
39            android:name="com.example.silverwatch_volleytest.MainActivity"
39-->src/main/AndroidManifest.xml:29:13-41
40            android:label="@string/app_name" >
40-->src/main/AndroidManifest.xml:30:13-45
41            <intent-filter>
41-->src/main/AndroidManifest.xml:31:13-35:29
42                <action android:name="android.intent.action.MAIN" />
42-->src/main/AndroidManifest.xml:32:17-69
42-->src/main/AndroidManifest.xml:32:25-66
43
44                <category android:name="android.intent.category.LAUNCHER" />
44-->src/main/AndroidManifest.xml:34:17-77
44-->src/main/AndroidManifest.xml:34:27-74
45            </intent-filter>
46        </activity>
47        <activity
47-->[com.google.android.gms:play-services-base:17.0.0] AndroidManifest.xml:23:9-26:75
48            android:name="com.google.android.gms.common.api.GoogleApiActivity"
48-->[com.google.android.gms:play-services-base:17.0.0] AndroidManifest.xml:24:13-79
49            android:exported="false"
49-->[com.google.android.gms:play-services-base:17.0.0] AndroidManifest.xml:25:13-37
50            android:theme="@android:style/Theme.Translucent.NoTitleBar" />
50-->[com.google.android.gms:play-services-base:17.0.0] AndroidManifest.xml:26:13-72
51
52        <meta-data
52-->[com.google.android.gms:play-services-basement:17.0.0] AndroidManifest.xml:23:9-25:69
53            android:name="com.google.android.gms.version"
53-->[com.google.android.gms:play-services-basement:17.0.0] AndroidManifest.xml:24:13-58
54            android:value="@integer/google_play_services_version" />
54-->[com.google.android.gms:play-services-basement:17.0.0] AndroidManifest.xml:25:13-66
55    </application>
56
57</manifest>